2025-08-10 02:42:03 | Table: inventory_back_order
2025-08-10 02:42:03 | SQL: SELECT * FROM `inventory_back_order` | Rows: 1
2025-08-10 02:42:03 | Row: Array
(
    [id] => 1
    [qty] => -1
    [equipment] => 4
    [model] => 4
    [serial_number] => 44
    [status] => 4
    [remarks] => 4
    [operator] => 4
    [ceis_rating] => None
    [date_acquired] => 2025-08-09 20:03:16
)

2025-08-10 02:42:03 | RESP: Array
(
    [status] => success
    [qty] => -1
    [opnl] => 0
    [non_opnl] => 0
    [total] => -1
)

2025-08-10 02:42:17 | Table: inventory_back_order
2025-08-10 02:42:17 | SQL: SELECT * FROM `inventory_back_order` | Rows: 1
2025-08-10 02:42:17 | Row: Array
(
    [id] => 1
    [qty] => -1
    [equipment] => 4
    [model] => 4
    [serial_number] => 44
    [status] => 4
    [remarks] => 4
    [operator] => 4
    [ceis_rating] => None
    [date_acquired] => 2025-08-09 20:03:16
)

2025-08-10 02:42:17 | RESP: Array
(
    [status] => success
    [qty] => -1
    [opnl] => 0
    [non_opnl] => 0
    [total] => -1
)

2025-08-10 02:42:55 | Table: inventory_back_order
2025-08-10 02:42:55 | SQL: SELECT * FROM `inventory_back_order` | Rows: 1
2025-08-10 02:42:55 | Row: Array
(
    [id] => 1
    [qty] => -1
    [equipment] => 4
    [model] => 4
    [serial_number] => 44
    [status] => 4
    [remarks] => 4
    [operator] => 4
    [ceis_rating] => None
    [date_acquired] => 2025-08-09 20:03:16
)

2025-08-10 02:42:55 | RESP: Array
(
    [status] => success
    [qty] => -1
    [opnl] => 0
    [non_opnl] => 0
    [total] => -1
)

2025-08-10 02:44:45 | Table: inventory_back_order
2025-08-10 02:44:45 | SQL: SELECT * FROM `inventory_back_order` | Rows: 1
2025-08-10 02:44:45 | Row: Array
(
    [id] => 1
    [qty] => -1
    [equipment] => 4
    [model] => 4
    [serial_number] => 44
    [status] => 4
    [remarks] => 4
    [operator] => 4
    [ceis_rating] => None
    [date_acquired] => 2025-08-09 20:03:16
)

2025-08-10 02:44:45 | RESP: Array
(
    [status] => success
    [qty] => -1
    [opnl] => 0
    [non_opnl] => 0
    [total] => -1
)

2025-08-10 02:45:10 | Table: inventory_back_order
2025-08-10 02:45:10 | SQL: SELECT * FROM `inventory_back_order` | Rows: 1
2025-08-10 02:45:10 | Row: Array
(
    [id] => 1
    [qty] => -1
    [equipment] => 4
    [model] => 4
    [serial_number] => 44
    [status] => 4
    [remarks] => 4
    [operator] => 4
    [ceis_rating] => None
    [date_acquired] => 2025-08-09 20:03:16
)

2025-08-10 02:45:10 | RESP: Array
(
    [status] => success
    [qty] => -1
    [opnl] => 0
    [non_opnl] => 0
    [total] => -1
)

2025-08-10 02:46:17 | Table: inventory_back_order
2025-08-10 02:46:17 | SQL: SELECT * FROM `inventory_back_order` | Rows: 1
2025-08-10 02:46:17 | Row: Array
(
    [id] => 1
    [qty] => -1
    [equipment] => 4
    [model] => 4
    [serial_number] => 44
    [status] => 4
    [remarks] => 4
    [operator] => 4
    [ceis_rating] => None
    [date_acquired] => 2025-08-09 20:03:16
)

2025-08-10 02:46:17 | RESP: Array
(
    [status] => success
    [qty] => -1
    [opnl] => 0
    [non_opnl] => 0
    [total] => -1
)

2025-08-10 02:47:21 | Table: inventory_back_order
2025-08-10 02:47:21 | SQL: SELECT * FROM `inventory_back_order` | Rows: 1
2025-08-10 02:47:21 | Row: Array
(
    [id] => 1
    [qty] => -1
    [equipment] => 4
    [model] => 4
    [serial_number] => 44
    [status] => 4
    [remarks] => 4
    [operator] => 4
    [ceis_rating] => None
    [date_acquired] => 2025-08-09 20:03:16
)

2025-08-10 02:47:21 | RESP: Array
(
    [status] => success
    [qty] => -1
    [opnl] => 0
    [non_opnl] => 0
    [total] => -1
)

2025-08-10 02:47:31 | Table: inventory_elnectroics
2025-08-10 02:47:33 | Table: inventory_back_order
2025-08-10 02:47:33 | SQL: SELECT * FROM `inventory_back_order` | Rows: 1
2025-08-10 02:47:33 | Row: Array
(
    [id] => 1
    [qty] => -1
    [equipment] => 4
    [model] => 4
    [serial_number] => 44
    [status] => 4
    [remarks] => 4
    [operator] => 4
    [ceis_rating] => None
    [date_acquired] => 2025-08-09 20:03:16
)

2025-08-10 02:47:33 | RESP: Array
(
    [status] => success
    [qty] => -1
    [opnl] => 0
    [non_opnl] => 0
    [total] => -1
)

2025-08-10 02:55:58 | Table: inventory_harris_radio
2025-08-10 02:55:58 | SQL: SELECT * FROM `inventory_harris_radio` | Rows: 1
2025-08-10 02:55:58 | Row: Array
(
    [id] => 1
    [qty] => 21
    [equipment] => 4
    [model] => 4
    [serial_number] => 44
    [status] => 4
    [remarks] => 4
    [operator] => 4
    [ceis_rating] => None
    [date_acquired] => 2025-08-09 19:13:53
)

2025-08-10 02:55:58 | RESP: Array
(
    [status] => success
    [qty] => 21
    [opnl] => 0
    [non_opnl] => 0
    [total] => 21
)

2025-08-10 02:56:09 | Table: inventory_fixed_communication
2025-08-10 02:56:09 | SQL: SELECT * FROM `inventory_fixed_communication` | Rows: 0
2025-08-10 02:56:09 | No data found
2025-08-10 02:58:38 | Table: inventory_harris_radio
2025-08-10 02:58:38 | SQL: SELECT * FROM `inventory_harris_radio` | Rows: 1
2025-08-10 02:58:38 | Row: Array
(
    [id] => 1
    [qty] => 21
    [equipment] => 4
    [model] => 4
    [serial_number] => 44
    [status] => 4
    [remarks] => 4
    [operator] => 4
    [ceis_rating] => None
    [date_acquired] => 2025-08-09 19:13:53
)

2025-08-10 02:58:38 | RESP: Array
(
    [status] => success
    [qty] => 21
    [opnl] => 0
    [non_opnl] => 0
    [total] => 21
)

2025-08-10 03:02:27 | Table: inventory_harris_radio
2025-08-10 03:02:27 | SQL: SELECT * FROM `inventory_harris_radio` | Rows: 1
2025-08-10 03:02:27 | Row: Array
(
    [id] => 1
    [qty] => 21
    [equipment] => 4
    [model] => 4
    [serial_number] => 44
    [status] => 4
    [remarks] => 4
    [operator] => 4
    [ceis_rating] => None
    [date_acquired] => 2025-08-09 19:13:53
)

2025-08-10 03:02:27 | RESP: Array
(
    [status] => success
    [qty] => 21
    [opnl] => 0
    [non_opnl] => 0
    [total] => 21
)

2025-08-10 03:03:01 | Table: inventory_harris_radio
2025-08-10 03:03:01 | SQL: SELECT * FROM `inventory_harris_radio` | Rows: 1
2025-08-10 03:03:01 | Row: Array
(
    [id] => 1
    [qty] => 21
    [equipment] => 4
    [model] => 4
    [serial_number] => 44
    [status] => 4
    [remarks] => 4
    [operator] => 4
    [ceis_rating] => None
    [date_acquired] => 2025-08-09 19:13:53
)

2025-08-10 03:03:01 | RESP: Array
(
    [status] => success
    [qty] => 21
    [opnl] => 0
    [non_opnl] => 0
    [total] => 21
)

2025-08-10 03:03:10 | Table: inventory_fixed_communication
2025-08-10 03:03:10 | SQL: SELECT * FROM `inventory_fixed_communication` | Rows: 0
2025-08-10 03:03:10 | No data found
2025-08-10 03:03:12 | Table: inventory_harris_radio
2025-08-10 03:03:12 | SQL: SELECT * FROM `inventory_harris_radio` | Rows: 1
2025-08-10 03:03:12 | Row: Array
(
    [id] => 1
    [qty] => 21
    [equipment] => 4
    [model] => 4
    [serial_number] => 44
    [status] => 4
    [remarks] => 4
    [operator] => 4
    [ceis_rating] => None
    [date_acquired] => 2025-08-09 19:13:53
)

2025-08-10 03:03:12 | RESP: Array
(
    [status] => success
    [qty] => 21
    [opnl] => 0
    [non_opnl] => 0
    [total] => 21
)

2025-08-10 03:04:51 | Table: inventory_harris_radio
2025-08-10 03:04:51 | SQL: SELECT * FROM `inventory_harris_radio` | Rows: 1
2025-08-10 03:04:51 | Row: Array
(
    [id] => 1
    [qty] => 21
    [equipment] => 4
    [model] => 4
    [serial_number] => 44
    [status] => 4
    [remarks] => 4
    [operator] => 4
    [ceis_rating] => None
    [date_acquired] => 2025-08-09 19:13:53
)

2025-08-10 03:04:51 | RESP: Array
(
    [status] => success
    [qty] => 21
    [opnl] => 0
    [non_opnl] => 0
    [total] => 21
)

2025-08-10 03:06:11 | Table: inventory_harris_radio
2025-08-10 03:06:11 | SQL: SELECT * FROM `inventory_harris_radio` | Rows: 1
2025-08-10 03:06:11 | Row: Array
(
    [id] => 1
    [qty] => 21
    [equipment] => 4
    [model] => 4
    [serial_number] => 44
    [status] => 4
    [remarks] => 4
    [operator] => 4
    [ceis_rating] => None
    [date_acquired] => 2025-08-09 19:13:53
)

2025-08-10 03:06:11 | RESP: Array
(
    [status] => success
    [qty] => 21
    [opnl] => 0
    [non_opnl] => 0
    [total] => 21
)

2025-08-10 03:08:50 | Table: inventory_harris_radio
2025-08-10 03:08:50 | SQL: SELECT * FROM `inventory_harris_radio` | Rows: 1
2025-08-10 03:08:50 | Row: Array
(
    [id] => 1
    [qty] => 21
    [equipment] => 4
    [model] => 4
    [serial_number] => 44
    [status] => 4
    [remarks] => 4
    [operator] => 4
    [ceis_rating] => None
    [date_acquired] => 2025-08-09 19:13:53
)

2025-08-10 03:08:50 | RESP: Array
(
    [status] => success
    [qty] => 21
    [opnl] => 0
    [non_opnl] => 0
    [total] => 21
)

2025-08-10 03:09:00 | Table: inventory_harris_radio
2025-08-10 03:09:00 | SQL: SELECT * FROM `inventory_harris_radio` | Rows: 1
2025-08-10 03:09:00 | Row: Array
(
    [id] => 1
    [qty] => 21
    [equipment] => 4
    [model] => 4
    [serial_number] => 44
    [status] => 4
    [remarks] => 4
    [operator] => 4
    [ceis_rating] => None
    [date_acquired] => 2025-08-09 19:13:53
)

2025-08-10 03:09:00 | RESP: Array
(
    [status] => success
    [qty] => 21
    [opnl] => 0
    [non_opnl] => 0
    [total] => 21
)

2025-08-10 03:09:16 | Table: inventory_fixed_communication
2025-08-10 03:09:16 | SQL: SELECT * FROM `inventory_fixed_communication` | Rows: 0
2025-08-10 03:09:16 | No data found
2025-08-10 03:09:29 | Table: inventory_harris_radio
2025-08-10 03:09:29 | SQL: SELECT * FROM `inventory_harris_radio` | Rows: 1
2025-08-10 03:09:29 | Row: Array
(
    [id] => 1
    [qty] => 21
    [equipment] => 4
    [model] => 4
    [serial_number] => 44
    [status] => 4
    [remarks] => 4
    [operator] => 4
    [ceis_rating] => None
    [date_acquired] => 2025-08-09 19:13:53
)

2025-08-10 03:09:29 | RESP: Array
(
    [status] => success
    [qty] => 21
    [opnl] => 0
    [non_opnl] => 0
    [total] => 21
)

2025-08-10 03:39:13 | Table: inventory_harris_radio
2025-08-10 03:39:13 | SQL: SELECT * FROM `inventory_harris_radio` | Rows: 2
2025-08-10 03:39:13 | Row: Array
(
    [id] => 1
    [qty] => 21
    [equipment] => 4
    [model] => 4
    [serial_number] => 44
    [status] => 4
    [remarks] => 4
    [operator] => 4
    [ceis_rating] => None
    [date_acquired] => 2025-08-09 19:13:53
    [section_name] => 
)

2025-08-10 03:39:13 | Row: Array
(
    [id] => 3
    [qty] => 232
    [equipment] => 23
    [model] => 2
    [serial_number] => 323
    [status] => 232
    [remarks] => 232
    [operator] => 2332
    [ceis_rating] => None
    [date_acquired] => 2025-08-10 03:33:43
    [section_name] => 
)

2025-08-10 03:39:13 | RESP: Array
(
    [status] => success
    [qty] => 253
    [opnl] => 0
    [non_opnl] => 0
    [total] => 253
)

2025-08-10 03:39:15 | Table: inventory_fixed_communication
2025-08-10 03:39:15 | SQL: SELECT * FROM `inventory_fixed_communication` | Rows: 1
2025-08-10 03:39:15 | Row: Array
(
    [id] => 1
    [qty] => 1
    [equipment] => 1
    [model] => 4
    [serial_number] => 44
    [status] => 1
    [remarks] => 1
    [operator] => 4
    [ceis_rating] => None
    [date_acquired] => 2025-08-10 03:29:48
    [section_name] => 
)

2025-08-10 03:39:15 | RESP: Array
(
    [status] => success
    [qty] => 1
    [opnl] => 0
    [non_opnl] => 0
    [total] => 1
)

2025-08-10 03:39:22 | Table: inventory_elnectronics
2025-08-10 03:44:12 | Table: inventory_harris_radio
2025-08-10 03:44:12 | SQL: SELECT * FROM `inventory_harris_radio` | Rows: 2
2025-08-10 03:44:12 | Row: Array
(
    [id] => 1
    [qty] => 21
    [equipment] => 4
    [model] => 4
    [serial_number] => 44
    [status] => 4
    [remarks] => 4
    [operator] => 4
    [ceis_rating] => None
    [date_acquired] => 2025-08-09 19:13:53
    [section_name] => 
)

2025-08-10 03:44:12 | Row: Array
(
    [id] => 3
    [qty] => 232
    [equipment] => 23
    [model] => 2
    [serial_number] => 323
    [status] => 232
    [remarks] => 232
    [operator] => 2332
    [ceis_rating] => None
    [date_acquired] => 2025-08-10 03:33:43
    [section_name] => 
)

2025-08-10 03:44:12 | RESP: Array
(
    [status] => success
    [qty] => 253
    [opnl] => 0
    [non_opnl] => 0
    [total] => 253
)

2025-08-10 03:44:40 | Table: inventory_fixed_communication
2025-08-10 03:44:40 | SQL: SELECT * FROM `inventory_fixed_communication` | Rows: 1
2025-08-10 03:44:40 | Row: Array
(
    [id] => 1
    [qty] => 1
    [equipment] => 1
    [model] => 4
    [serial_number] => 44
    [status] => 1
    [remarks] => 1
    [operator] => 4
    [ceis_rating] => None
    [date_acquired] => 2025-08-10 03:29:48
    [section_name] => 
)

2025-08-10 03:44:40 | RESP: Array
(
    [status] => success
    [qty] => 1
    [opnl] => 0
    [non_opnl] => 0
    [total] => 1
)

2025-08-10 03:44:42 | Table: inventory_harris_radio
2025-08-10 03:44:42 | SQL: SELECT * FROM `inventory_harris_radio` | Rows: 1
2025-08-10 03:44:42 | Row: Array
(
    [id] => 3
    [qty] => 232
    [equipment] => 23
    [model] => 2
    [serial_number] => 323
    [status] => 232
    [remarks] => 232
    [operator] => 2332
    [ceis_rating] => None
    [date_acquired] => 2025-08-10 03:33:43
    [section_name] => 
)

2025-08-10 03:44:42 | RESP: Array
(
    [status] => success
    [qty] => 232
    [opnl] => 0
    [non_opnl] => 0
    [total] => 232
)

2025-08-10 03:44:44 | Table: inventory_fixed_communication
2025-08-10 03:44:44 | SQL: SELECT * FROM `inventory_fixed_communication` | Rows: 1
2025-08-10 03:44:44 | Row: Array
(
    [id] => 1
    [qty] => 1
    [equipment] => 1
    [model] => 4
    [serial_number] => 44
    [status] => 1
    [remarks] => 1
    [operator] => 4
    [ceis_rating] => None
    [date_acquired] => 2025-08-10 03:29:48
    [section_name] => 
)

2025-08-10 03:44:44 | RESP: Array
(
    [status] => success
    [qty] => 1
    [opnl] => 0
    [non_opnl] => 0
    [total] => 1
)

2025-08-10 03:44:45 | Table: inventory_elnectronics
2025-08-10 04:14:15 | Table: inventory_fixed_communication
2025-08-10 04:14:15 | SQL: SELECT * FROM `inventory_fixed_communication` | Rows: 1
2025-08-10 04:14:15 | Row: Array
(
    [id] => 1
    [qty] => 1
    [equipment] => 1
    [model] => 4
    [serial_number] => 44
    [status] => 1
    [remarks] => 1
    [operator] => 4
    [ceis_rating] => None
    [date_acquired] => 2025-08-10 03:29:48
    [section_name] => 
)

2025-08-10 04:14:15 | RESP: Array
(
    [status] => success
    [qty] => 1
    [opnl] => 0
    [non_opnl] => 0
    [total] => 1
)

